<?xml version="1.0" encoding="UTF-8"?>
<!-- Generated by org.testng.reporters.JUnitXMLReporter -->
<testsuite ignored="0" hostname="DESKTOP-8HSVKAU" failures="0" tests="6" name="Default test" time="3.952" errors="0" timestamp="٢٠٢١-١١-١٠T٠٩:٠٤:٠٩ EET">
  <testcase classname="coursesid.Courses" name="getCourse" time="0.122"/>
  <testcase classname="coursesid.Courses" name="register" time="0.212"/>
  <testcase classname="coursesid.Courses" name="getAllCourses" time="0.048"/>
  <testcase classname="coursesid.Courses" name="postCource" time="0.045"/>
  <testcase classname="coursesid.Courses" name="editCource" time="0.052"/>
  <testcase classname="coursesid.Courses" name="deleteCource" time="0.036"/>
</testsuite> <!-- Default test -->
