<?xml version="1.0" encoding="UTF-8"?>
<!-- Generated by org.testng.reporters.JUnitXMLReporter -->
<testsuite ignored="5" hostname="DESKTOP-8HSVKAU" failures="0" tests="1" name="Default test" time="3.933" errors="0" timestamp="٢٠٢١-١١-١٠T٠٩:٤٤:١٤ EET">
  <testcase classname="coursesid.Courses" name="getAllCourses" time="0.089"/>
  <testcase classname="coursesid.Courses" name="editCource" time="0.0">
    <ignored/>
  </testcase> <!-- editCource -->
  <testcase classname="coursesid.Courses" name="postCource" time="0.0">
    <ignored/>
  </testcase> <!-- postCource -->
  <testcase classname="coursesid.Courses" name="deleteCource" time="0.0">
    <ignored/>
  </testcase> <!-- deleteCource -->
  <testcase classname="coursesid.Courses" name="getCourse" time="0.0">
    <ignored/>
  </testcase> <!-- getCourse -->
  <testcase classname="coursesid.Courses" name="register" time="0.0">
    <ignored/>
  </testcase> <!-- register -->
</testsuite> <!-- Default test -->
