<?xml version="1.0" encoding="UTF-8"?>
<testng-results ignored="0" total="6" passed="6" failed="0" skipped="0">
  <reporter-output>
  </reporter-output>
  <suite started-at="٢٠٢١-١١-١٠T٠٩:٠٤:٠٥ EET" name="Default suite" finished-at="٢٠٢١-١١-١٠T٠٩:٠٤:٠٩ EET" duration-ms="3952">
    <groups>
    </groups>
    <test started-at="٢٠٢١-١١-١٠T٠٩:٠٤:٠٥ EET" name="Default test" finished-at="٢٠٢١-١١-١٠T٠٩:٠٤:٠٩ EET" duration-ms="3952">
      <class name="coursesid.Courses">
        <test-method is-config="true" signature="login()[pri:0, instance:coursesid.Courses@10d307f1]" started-at="٢٠٢١-١١-١٠T٠٩:٠٤:٠٥ EET" name="login" finished-at="٢٠٢١-١١-١٠T٠٩:٠٤:٠٨ EET" duration-ms="3368" status="PASS">
          <reporter-output>
          </reporter-output>
        </test-method> <!-- login -->
        <test-method signature="getCourse()[pri:0, instance:coursesid.Courses@10d307f1]" started-at="٢٠٢١-١١-١٠T٠٩:٠٤:٠٨ EET" name="getCourse" finished-at="٢٠٢١-١١-١٠T٠٩:٠٤:٠٨ EET" duration-ms="122" status="PASS">
          <reporter-output>
          </reporter-output>
        </test-method> <!-- getCourse -->
        <test-method signature="register()[pri:0, instance:coursesid.Courses@10d307f1]" started-at="٢٠٢١-١١-١٠T٠٩:٠٤:٠٨ EET" name="register" finished-at="٢٠٢١-١١-١٠T٠٩:٠٤:٠٩ EET" duration-ms="212" status="PASS">
          <reporter-output>
          </reporter-output>
        </test-method> <!-- register -->
        <test-method signature="getAllCourses()[pri:1, instance:coursesid.Courses@10d307f1]" started-at="٢٠٢١-١١-١٠T٠٩:٠٤:٠٩ EET" name="getAllCourses" finished-at="٢٠٢١-١١-١٠T٠٩:٠٤:٠٩ EET" duration-ms="48" status="PASS">
          <reporter-output>
          </reporter-output>
        </test-method> <!-- getAllCourses -->
        <test-method signature="postCource()[pri:2, instance:coursesid.Courses@10d307f1]" started-at="٢٠٢١-١١-١٠T٠٩:٠٤:٠٩ EET" name="postCource" finished-at="٢٠٢١-١١-١٠T٠٩:٠٤:٠٩ EET" duration-ms="45" status="PASS">
          <reporter-output>
          </reporter-output>
        </test-method> <!-- postCource -->
        <test-method signature="editCource()[pri:3, instance:coursesid.Courses@10d307f1]" started-at="٢٠٢١-١١-١٠T٠٩:٠٤:٠٩ EET" name="editCource" finished-at="٢٠٢١-١١-١٠T٠٩:٠٤:٠٩ EET" duration-ms="52" status="PASS">
          <reporter-output>
          </reporter-output>
        </test-method> <!-- editCource -->
        <test-method signature="deleteCource()[pri:4, instance:coursesid.Courses@10d307f1]" started-at="٢٠٢١-١١-١٠T٠٩:٠٤:٠٩ EET" name="deleteCource" finished-at="٢٠٢١-١١-١٠T٠٩:٠٤:٠٩ EET" duration-ms="36" status="PASS">
          <reporter-output>
          </reporter-output>
        </test-method> <!-- deleteCource -->
      </class> <!-- coursesid.Courses -->
    </test> <!-- Default test -->
  </suite> <!-- Default suite -->
</testng-results>
