<?xml version="1.0" encoding="UTF-8"?>
<testng-results ignored="5" total="6" passed="1" failed="0" skipped="0">
  <reporter-output>
  </reporter-output>
  <suite started-at="٢٠٢١-١١-١٠T٠٩:٤٤:١٠ EET" name="Default suite" finished-at="٢٠٢١-١١-١٠T٠٩:٤٤:١٤ EET" duration-ms="3933">
    <groups>
    </groups>
    <test started-at="٢٠٢١-١١-١٠T٠٩:٤٤:١٠ EET" name="Default test" finished-at="٢٠٢١-١١-١٠T٠٩:٤٤:١٤ EET" duration-ms="3933">
      <class name="coursesid.Courses">
        <test-method is-config="true" signature="login()[pri:0, instance:coursesid.Courses@7e5afaa6]" started-at="٢٠٢١-١١-١٠T٠٩:٤٤:١٠ EET" name="login" finished-at="٢٠٢١-١١-١٠T٠٩:٤٤:١٤ EET" duration-ms="3791" status="PASS">
          <reporter-output>
          </reporter-output>
        </test-method> <!-- login -->
        <test-method signature="getAllCourses()[pri:1, instance:coursesid.Courses@7e5afaa6]" started-at="٢٠٢١-١١-١٠T٠٩:٤٤:١٤ EET" name="getAllCourses" finished-at="٢٠٢١-١١-١٠T٠٩:٤٤:١٤ EET" duration-ms="89" status="PASS">
          <reporter-output>
          </reporter-output>
        </test-method> <!-- getAllCourses -->
      </class> <!-- coursesid.Courses -->
    </test> <!-- Default test -->
  </suite> <!-- Default suite -->
</testng-results>
